"../../../Engine/Content/ArtTools/RenderToTexture/Enums/RenderToTexture_Enum.uasset" 0
"../../../Engine/Content/ArtTools/RenderToTexture/Enums/RenderToTexture_Flipbook_Enum.uasset" 1
"../../../Engine/Content/ArtTools/RenderToTexture/Enums/RenderToTexture_Imposter_Enum.uasset" 2
"../../../Engine/Content/EditorBlueprintResources/StandardMacros.uasset" 3
"../../../Engine/Content/ArtTools/RenderToTexture/Enums/EIntTypes.uasset" 4
"../../../Engine/Content/ArtTools/RenderToTexture/Macros/RenderToTextureFunctionLibrary.uasset" 5
"../../../Engine/Content/ArtTools/RenderToTexture/Enums/EFloatTypes.uasset" 6
"../../../Engine/Content/ArtTools/RenderToTexture/Macros/RenderToTextureMacros.uasset" 7
"../../../Engine/Content/Functions/Engine_MaterialFunctions01/Opacity/CameraDepthFade.uasset" 8
"../../../Engine/Content/EngineMaterials/T_Default_Material_Grid_M.uasset" 9
"../../../Engine/Content/EngineMaterials/T_Default_Material_Grid_N.uasset" 10
"../../../Engine/Content/EngineMaterials/WorldGridMaterial.uasset" 11
"../../../Engine/Content/ArtTools/RenderToTexture/Meshes/S_1_Unit_Plane.uasset" 12
"../../../Engine/Content/EngineMaterials/DefaultMaterial.uasset" 13
"../../../Engine/Content/BasicShapes/Cone.uasset" 14
"../../../Engine/Content/BasicShapes/Cylinder.uasset" 15
"../../../Engine/Content/BasicShapes/Plane.uasset" 16
"../../../Engine/Content/BasicShapes/Sphere.uasset" 17
"../../../Engine/Content/EngineMaterials/DefaultPhysicalMaterial.uasset" 18
"../../../Engine/Content/BufferVisualization/AmbientOcclusion.uasset" 19
"../../../Engine/Content/BufferVisualization/BaseColor.uasset" 20
"../../../Engine/Content/BufferVisualization/CustomDepth.uasset" 21
"../../../Engine/Content/Functions/Engine_MaterialFunctions02/Utility/VectorLength.uasset" 22
"../../../Engine/Content/BufferVisualization/CustomDepthWorldUnits.uasset" 23
"../../../Engine/Content/Functions/Engine_MaterialFunctions02/Utility/BreakOutFloat2Components.uasset" 24
"../../../Engine/Content/Functions/Engine_MaterialFunctions01/Texturing/ScaleUVsByCenter.uasset" 25
"../../../Engine/Content/Functions/Engine_MaterialFunctions02/ScreenResolution.uasset" 26
"../../../Engine/Content/Functions/Engine_MaterialFunctions02/Texturing/ScreenAlignedUVs.uasset" 27
"../../../Engine/Content/Functions/Engine_MaterialFunctions02/Utility/MakeFloat2.uasset" 28
"../../../Engine/Content/Functions/Engine_MaterialFunctions02/Utility/MakeFloat3.uasset" 29
"../../../Engine/Content/EngineMaterials/MiniFont.uasset" 30
"../../../Engine/Content/BufferVisualization/CustomStencil.uasset" 31
"../../../Engine/Content/BufferVisualization/FinalImage.uasset" 32
"../../../Engine/Content/BufferVisualization/LightingModel.uasset" 33
"../../../Engine/Content/BufferVisualization/MaterialAO.uasset" 34
"../../../Engine/Content/BufferVisualization/Metallic.uasset" 35
"../../../Engine/Content/BufferVisualization/Opacity.uasset" 36
"../../../Engine/Content/BufferVisualization/PostTonemapHDRColor.uasset" 37
"../../../Engine/Content/BufferVisualization/PreTonemapHDRColor.uasset" 38
"../../../Engine/Content/BufferVisualization/Roughness.uasset" 39
"../../../Engine/Content/BufferVisualization/SceneColor.uasset" 40
"../../../Engine/Content/BufferVisualization/SceneDepth.uasset" 41
"../../../Engine/Content/BufferVisualization/SceneDepthWorldUnits.uasset" 42
"../../../Engine/Content/BufferVisualization/SeparateTranslucencyA.uasset" 43
"../../../Engine/Content/BufferVisualization/SeparateTranslucencyRGB.uasset" 44
"../../../Engine/Content/BufferVisualization/Specular.uasset" 45
"../../../Engine/Content/BufferVisualization/SubsurfaceColor.uasset" 46
"../../../Engine/Content/BufferVisualization/WorldNormal.uasset" 47
"../../../Engine/Content/EditorBlueprintResources/ActorMacros.uasset" 48
"../../../Engine/Content/EditorLandscapeResources/DataLayer.uasset" 49
"../../../Engine/Content/EditorLandscapeResources/DefaultAlphaTexture.uasset" 50
"../../../Engine/Content/EditorLandscapeResources/LandscapeGizmoHeight_Mat.uasset" 51
"../../../Engine/Content/EditorLandscapeResources/LandscapeGizmo_Mat.uasset" 52
"../../../Engine/Content/EditorLandscapeResources/LandscapeGizmo_Mat_Copied.uasset" 53
"../../../Engine/Content/EditorLandscapeResources/SplineEditorMeshMat.uasset" 54
"../../../Engine/Content/EditorLandscapeResources/SplineEditorMesh.uasset" 55
"../../../Engine/Content/EditorMaterials/Cross.uasset" 56
"../../../Engine/Content/EditorMaterials/Cross_Mat.uasset" 57
"../../../Engine/Content/EditorMaterials/GizmoMaterial.uasset" 58
"../../../Engine/Content/Functions/Engine_MaterialFunctions02/Utility/Sign.uasset" 59
"../../../Engine/Content/Functions/Engine_MaterialFunctions02/Utility/Round.uasset" 60
"../../../Engine/Content/Functions/Engine_MaterialFunctions02/ExampleContent/Textures/flipbook.uasset" 61
"../../../Engine/Content/Functions/Engine_MaterialFunctions02/Texturing/FlipBook.uasset" 62
"../../../Engine/Content/EditorResources/T_EditorHelp.uasset" 63
"../../../Engine/Content/EditorMaterials/HelpActorMaterial.uasset" 64
"../../../Engine/Content/EditorMaterials/CompositeARGBLayer.uasset" 65
"../../../Engine/Content/EditorMaterials/TilingAALineIntegral.uasset" 66
"../../../Engine/Content/EditorMaterials/TilingAALineBoxFiltered.uasset" 67
"../../../Engine/Content/Functions/Engine_MaterialFunctions03/Procedurals/ComputeFilterWidth.uasset" 68
"../../../Engine/Content/EditorMaterials/TilingAADots.uasset" 69
"../../../Engine/Content/EngineMaterials/BlendFunc_DefBase.uasset" 70
"../../../Engine/Content/EngineMaterials/BlendFunc_DefBlend.uasset" 71
"../../../Engine/Content/Functions/Engine_MaterialFunctions03/Blends/Blend_Screen.uasset" 72
"../../../Engine/Content/EditorMaterials/TilingAAGrid.uasset" 73
"../../../Engine/Content/EditorMaterials/LevelGridMaterial.uasset" 74
"../../../Engine/Content/EditorMaterials/MakeCompositeARGBLayer.uasset" 75
"../../../Engine/Content/EditorResources/LevelGrid1DStripes.uasset" 76
"../../../Engine/Content/EditorMaterials/TextureGridCascaded1D.uasset" 77
"../../../Engine/Content/EditorMaterials/TextureGridCascaded2D.uasset" 78
"../../../Engine/Content/EditorMaterials/LevelGridMaterial2.uasset" 79
"../../../Engine/Content/EditorMaterials/MAT_Groups_Toggle.uasset" 80
"../../../Engine/Content/EditorMaterials/MAT_Groups_Visibility.uasset" 81
"../../../Engine/Content/EditorMaterials/AntialiasedGridFloor.uasset" 82
"../../../Engine/Content/EditorResources/TilePatine_D.uasset" 83
"../../../Engine/Content/EditorResources/TilePatine_N.uasset" 84
"../../../Engine/Content/EngineMaterials/Grid.uasset" 85
"../../../Engine/Content/EditorMaterials/PersonaFloorMat.uasset" 86
"../../../Engine/Content/EditorMaterials/PhAT_BoneSelectedMaterial.uasset" 87
"../../../Engine/Content/EditorMaterials/PhAT_ElemSelectedMaterial.uasset" 88
"../../../Engine/Content/EditorMaterials/PhAT_NoCollisionMaterial.uasset" 89
"../../../Engine/Content/EditorMaterials/PhAT_UnselectedMaterial.uasset" 90
"../../../Engine/Content/EditorMaterials/PreviewShadowIndicator.uasset" 91
"../../../Engine/Content/EditorMaterials/PreviewShadowIndicatorMaterial.uasset" 92
"../../../Engine/Content/EditorMaterials/TargetIcon.uasset" 93
"../../../Engine/Content/EditorMaterials/Tick.uasset" 94
"../../../Engine/Content/EditorMaterials/Tick_Mat.uasset" 95
"../../../Engine/Content/EditorMaterials/WidgetGridVertexColorMaterial.uasset" 96
"../../../Engine/Content/EditorMaterials/WidgetGridVertexColorMaterial_Ma.uasset" 97
"../../../Engine/Content/EditorMaterials/WidgetMaterial.uasset" 98
"../../../Engine/Content/EditorMaterials/WidgetMaterial_Current.uasset" 99
"../../../Engine/Content/EditorMaterials/WidgetMaterial_X.uasset" 100
"../../../Engine/Content/EditorMaterials/WidgetMaterial_Y.uasset" 101
"../../../Engine/Content/EditorMaterials/WidgetMaterial_Z.uasset" 102
"../../../Engine/Content/EditorMaterials/WidgetVertexColorMaterial.uasset" 103
"../../../Engine/Content/EditorMaterials/AssetViewer/EpicQuadPanorama_CC+EV1.uasset" 104
"../../../Engine/Content/MapTemplates/Sky/SunsetAmbientCubemap.uasset" 105
"../../../Engine/Content/EditorMaterials/AssetViewer/M_SkyBox.uasset" 106
"../../../Engine/Content/EditorMaterials/Cascade/CASC_Cross.uasset" 107
"../../../Engine/Content/EditorMaterials/Cascade/CASC_CurveEd.uasset" 108
"../../../Engine/Content/EditorMaterials/Cascade/CASC_DisabledModule.uasset" 109
"../../../Engine/Content/EditorMaterials/Cascade/CASC_Lights.uasset" 110
"../../../Engine/Content/EditorMaterials/Cascade/CASC_ModuleDisable.uasset" 111
"../../../Engine/Content/EditorMaterials/Cascade/CASC_ModuleEnable.uasset" 112
"../../../Engine/Content/EditorMaterials/Cascade/CASC_None.uasset" 113
"../../../Engine/Content/EditorMaterials/Cascade/CASC_Normal.uasset" 114
"../../../Engine/Content/EditorMaterials/Cascade/CASC_Point.uasset" 115
"../../../Engine/Content/EditorMaterials/Cascade/CASC_Solo_Off.uasset" 116
"../../../Engine/Content/EditorMaterials/Cascade/CASC_Solo_On.uasset" 117
"../../../Engine/Content/EditorMaterials/MatineeGroups/MAT_ColorTrack.uasset" 118
"../../../Engine/Content/EditorMaterials/MatineeGroups/MAT_Groups_Anim.uasset" 119
"../../../Engine/Content/EditorMaterials/MatineeGroups/MAT_Groups_AudioMaster.uasset" 120
"../../../Engine/Content/EditorMaterials/MatineeGroups/MAT_Groups_Director.uasset" 121
"../../../Engine/Content/EditorMaterials/MatineeGroups/MAT_Groups_Event.uasset" 122
"../../../Engine/Content/EditorMaterials/MatineeGroups/MAT_Groups_Fade.uasset" 123
"../../../Engine/Content/EditorMaterials/MatineeGroups/MAT_Groups_Float.uasset" 124
"../../../Engine/Content/EditorMaterials/MatineeGroups/MAT_Groups_Move.uasset" 125
"../../../Engine/Content/EditorMaterials/MatineeGroups/MAT_Groups_Slomo.uasset" 126
"../../../Engine/Content/EditorMaterials/MatineeGroups/MAT_Groups_Sound.uasset" 127
"../../../Engine/Content/EditorMaterials/MatineeGroups/MAT_Groups_Vector.uasset" 128
"../../../Engine/Content/EditorMaterials/ParticleSystems/PSysThumbnail_NoImage.uasset" 129
"../../../Engine/Content/EditorMaterials/ParticleSystems/PSysThumbnail_OOD.uasset" 130
"../../../Engine/Content/EditorMaterials/Thumbnails/FloorPlaneMaterial.uasset" 131
"../../../Engine/Content/EditorMeshes/AnimTreeEd_PreviewFloor.uasset" 132
"../../../Engine/Content/EditorMeshes/EditorCube.uasset" 133
"../../../Engine/Content/EditorMeshes/EditorCylinder.uasset" 134
"../../../Engine/Content/EditorMeshes/EditorPlane.uasset" 135
"../../../Engine/Content/EditorMaterials/Thumbnails/SkySphereMaterial.uasset" 136
"../../../Engine/Content/EditorMeshes/EditorSkySphere.uasset" 137
"../../../Engine/Content/EditorMeshes/EditorSphere.uasset" 138
"../../../Engine/Content/EditorResources/MatineeCam_D.uasset" 139
"../../../Engine/Content/EditorMaterials/MatineeCam_mat.uasset" 140
"../../../Engine/Content/EditorMeshes/MatineeCam_SM.uasset" 141
"../../../Engine/Content/Functions/Engine_MaterialFunctions01/Shading/ConvertFromDiffSpec.uasset" 142
"../../../Engine/Content/EditorMaterials/GridMaterial.uasset" 143
"../../../Engine/Content/EditorMeshes/PhAT_FloorBox.uasset" 144
"../../../Engine/Content/EditorMeshes/AssetViewer/Floor_Mesh.uasset" 145
"../../../Engine/Content/EditorMeshes/AssetViewer/Sphere_inversenormals.uasset" 146
"../../../Engine/Content/EditorMaterials/Camera/CineMat.uasset" 147
"../../../Engine/Content/EditorMaterials/Camera/MI_CineMat_CameraBody.uasset" 148
"../../../Engine/Content/EngineDebugMaterials/M_SimpleOpaque.uasset" 149
"../../../Engine/Content/EditorMaterials/Camera/MI_CineMat_CamViewFinder.uasset" 150
"../../../Engine/Content/EditorMeshes/Camera/SM_CineCam.uasset" 151
"../../../Engine/Content/EditorMaterials/Camera/MI_CineMat_Rig.uasset" 152
"../../../Engine/Content/EditorMeshes/Camera/SM_CraneRig_Arm.uasset" 153
"../../../Engine/Content/EditorMeshes/Camera/SM_CraneRig_Base.uasset" 154
"../../../Engine/Content/EditorMeshes/Camera/SM_CraneRig_Body.uasset" 155
"../../../Engine/Content/EditorMeshes/Camera/SM_CraneRig_Mount.uasset" 156
"../../../Engine/Content/EditorMeshes/Camera/SM_RailRig_Mount.uasset" 157
"../../../Engine/Content/EditorMeshes/Camera/SM_RailRig_Track.uasset" 158
"../../../Engine/Content/EditorResources/Bad.uasset" 159
"../../../Engine/Content/EditorResources/BSPVertex.uasset" 160
"../../../Engine/Content/EditorResources/EmptyActor.uasset" 161
"../../../Engine/Content/EditorResources/MatInstActSprite.uasset" 162
"../../../Engine/Content/EditorResources/SceneManager.uasset" 163
"../../../Engine/Content/EditorResources/SmallFont.uasset" 164
"../../../Engine/Content/EditorResources/S_Actor.uasset" 165
"../../../Engine/Content/EditorResources/S_DecalActorIcon.uasset" 166
"../../../Engine/Content/EditorResources/S_Emitter.uasset" 167
"../../../Engine/Content/EditorResources/S_ExpoHeightFog.uasset" 168
"../../../Engine/Content/EditorResources/S_FTest.uasset" 169
"../../../Engine/Content/EditorResources/S_KBSJoint.uasset" 170
"../../../Engine/Content/EditorResources/S_KHinge.uasset" 171
"../../../Engine/Content/EditorResources/S_KPrismatic.uasset" 172
"../../../Engine/Content/EditorResources/S_LevelSequence.uasset" 173
"../../../Engine/Content/EditorResources/S_NavP.uasset" 174
"../../../Engine/Content/EditorResources/S_Note.uasset" 175
"../../../Engine/Content/EditorResources/S_Player.uasset" 176
"../../../Engine/Content/EditorResources/S_PortalActorIcon2.uasset" 177
"../../../Engine/Content/EditorResources/S_RadForce.uasset" 178
"../../../Engine/Content/EditorResources/S_ReflActorIcon.uasset" 179
"../../../Engine/Content/EditorResources/S_Terrain.uasset" 180
"../../../Engine/Content/EditorResources/S_TextRenderActorIcon.uasset" 181
"../../../Engine/Content/EditorResources/S_Thruster.uasset" 182
"../../../Engine/Content/EditorResources/S_Trigger.uasset" 183
"../../../Engine/Content/EditorResources/S_VectorFieldVol.uasset" 184
"../../../Engine/Content/EditorResources/S_WindDirectional.uasset" 185
"../../../Engine/Content/EditorResources/AI/S_NavLink.uasset" 186
"../../../Engine/Content/EditorResources/AudioIcons/S_AudioComponent.uasset" 187
"../../../Engine/Content/EditorResources/AudioIcons/S_AudioComponent_AutoActivate.uasset" 188
"../../../Engine/Content/EditorResources/LightIcons/SkyLight.uasset" 189
"../../../Engine/Content/EditorResources/LightIcons/S_LightDirectional.uasset" 190
"../../../Engine/Content/EditorResources/LightIcons/S_LightDirectionalMove.uasset" 191
"../../../Engine/Content/EditorResources/LightIcons/S_LightError.uasset" 192
"../../../Engine/Content/EditorResources/LightIcons/S_LightPoint.uasset" 193
"../../../Engine/Content/EditorResources/LightIcons/S_LightPointMove.uasset" 194
"../../../Engine/Content/EditorResources/LightIcons/S_LightSpot.uasset" 195
"../../../Engine/Content/EditorResources/LightIcons/S_LightSpotMove.uasset" 196
"../../../Engine/Content/EditorResources/SequenceRecorder/Countdown.uasset" 197
"../../../Engine/Content/EditorResources/SequenceRecorder/RecordingIndicator.uasset" 198
"../../../Engine/Content/EditorResources/Spline/T_Loft_Spline.uasset" 199
"../../../Engine/Content/EditorSounds/Notifications/CompileFailed.uasset" 200
"../../../Engine/Content/EditorSounds/Notifications/CompileFailed_Cue.uasset" 201
"../../../Engine/Content/EditorSounds/Notifications/CompileSuccess.uasset" 202
"../../../Engine/Content/EditorSounds/Notifications/CompileStart_Cue.uasset" 203
"../../../Engine/Content/EditorSounds/Notifications/CompileSuccess_Cue.uasset" 204
"../../../Engine/Content/EngineDamageTypes/DmgTypeBP_Environmental.uasset" 205
"../../../Engine/Content/EngineDebugMaterials/HeatmapGradient.uasset" 206
"../../../Engine/Content/EngineDebugMaterials/BoneWeightMaterial.uasset" 207
"../../../Engine/Content/EngineDebugMaterials/ClothMaterial.uasset" 208
"../../../Engine/Content/EngineDebugMaterials/ClothMaterial_WF.uasset" 209
"../../../Engine/Content/EngineDebugMaterials/DebugEditorMaterial.uasset" 210
"../../../Engine/Content/EngineDebugMaterials/DebugMeshMaterial.uasset" 211
"../../../Engine/Content/EngineDebugMaterials/GeomMaterial.uasset" 212
"../../../Engine/Content/EngineDebugMaterials/LevelColorationLitMaterial.uasset" 213
"../../../Engine/Content/EngineDebugMaterials/LevelColorationUnlitMaterial.uasset" 214
"../../../Engine/Content/EngineMaterials/DefaultWhiteGrid.uasset" 215
"../../../Engine/Content/EngineDebugMaterials/MAT_LevelColorationLitLightmapUV.uasset" 216
"../../../Engine/Content/EngineDebugMaterials/M_SimpleTranslucent.uasset" 217
"../../../Engine/Content/EngineDebugMaterials/ShadedLevelColorationLitMaterial.uasset" 218
"../../../Engine/Content/EngineDebugMaterials/ShadedLevelColorationUnlitMateri.uasset" 219
"../../../Engine/Content/EngineDebugMaterials/VertexColorMaterial.uasset" 220
"../../../Engine/Content/EngineDebugMaterials/VertexColorViewMode_AlphaAsColor.uasset" 221
"../../../Engine/Content/EngineDebugMaterials/VertexColorViewMode_BlueOnly.uasset" 222
"../../../Engine/Content/EngineDebugMaterials/VertexColorViewMode_ColorOnly.uasset" 223
"../../../Engine/Content/EngineDebugMaterials/VertexColorViewMode_GreenOnly.uasset" 224
"../../../Engine/Content/EngineDebugMaterials/VertexColorViewMode_RedOnly.uasset" 225
"../../../Engine/Content/EngineDebugMaterials/WireframeMaterial.uasset" 226
"../../../Engine/Content/EngineFonts/Faces/RobotoBold.uasset" 227
"../../../Engine/Content/EngineFonts/Faces/RobotoBoldItalic.uasset" 228
"../../../Engine/Content/EngineFonts/Faces/RobotoItalic.uasset" 229
"../../../Engine/Content/EngineFonts/Faces/RobotoLight.uasset" 230
"../../../Engine/Content/EngineFonts/Faces/RobotoRegular.uasset" 231
"../../../Engine/Content/EngineFonts/Roboto.uasset" 232
"../../../Engine/Content/EngineFonts/Faces/RobotoTiny.uasset" 233
"../../../Engine/Content/EngineFonts/RobotoTiny.uasset" 234
"../../../Engine/Content/EngineFonts/SmallFont.uasset" 235
"../../../Engine/Content/EngineFonts/TinyFont.uasset" 236
"../../../Engine/Content/EngineMaterials/BaseFlattenDiffuseMap.uasset" 237
"../../../Engine/Content/EngineMaterials/BaseFlattenEmissiveMap.uasset" 238
"../../../Engine/Content/EngineMaterials/BaseFlattenGrayscaleMap.uasset" 239
"../../../Engine/Content/EngineMaterials/BaseFlattenNormalMap.uasset" 240
"../../../Engine/Content/EngineMaterials/BaseFlattenMaterial.uasset" 241
"../../../Engine/Content/EngineResources/WhiteSquareTexture.uasset" 242
"../../../Engine/Content/EngineMaterials/BlinkingCaret.uasset" 243
"../../../Engine/Content/EngineMaterials/DefaultBloomKernel.uasset" 244
"../../../Engine/Content/EngineMaterials/DefaultBokeh.uasset" 245
"../../../Engine/Content/EngineMaterials/DefaultDiffuse.uasset" 246
"../../../Engine/Content/EngineMaterials/DefaultDeferredDecalMaterial.uasset" 247
"../../../Engine/Content/EngineMaterials/DefaultLightFunctionMaterial.uasset" 248
"../../../Engine/Content/EngineMaterials/DefaultNormal.uasset" 249
"../../../Engine/Content/EngineMaterials/DefaultPostProcessMaterial.uasset" 250
"../../../Engine/Content/EngineFonts/RobotoDistanceField.uasset" 251
"../../../Engine/Content/EngineMaterials/DefaultTextMaterialOpaque.uasset" 252
"../../../Engine/Content/EngineMaterials/EditorBrushMaterial.uasset" 253
"../../../Engine/Content/EngineMaterials/Good64x64TilingNoiseHighFreq.uasset" 254
"../../../Engine/Content/EngineMaterials/Grid_N.uasset" 255
"../../../Engine/Content/EngineMaterials/HighResolutionScreenshotMaskFunction.uasset" 256
"../../../Engine/Content/EngineMaterials/HighResScreenshot.uasset" 257
"../../../Engine/Content/EngineMaterials/HighResScreenshotCaptureRegion.uasset" 258
"../../../Engine/Content/EngineMaterials/HighResScreenshotMask.uasset" 259
"../../../Engine/Content/EngineMaterials/LandscapeHolePhysicalMaterial.uasset" 260
"../../../Engine/Content/EngineMaterials/InvalidLightmapSettings.uasset" 261
"../../../Engine/Content/EngineMaterials/M_InvalidLightmapSettings.uasset" 262
"../../../Engine/Content/EngineMaterials/PaperDiffuse.uasset" 263
"../../../Engine/Content/EngineMaterials/PaperNormal.uasset" 264
"../../../Engine/Content/Functions/Engine_MaterialFunctions02/WorldPositionOffset/CameraOffset.uasset" 265
"../../../Engine/Content/EngineMaterials/PhAT_JointLimitMaterial.uasset" 266
"../../../Engine/Content/EngineMaterials/PhysMat_Rubber.uasset" 267
"../../../Engine/Content/EngineMaterials/PreintegratedSkinBRDF.uasset" 268
"../../../Engine/Content/EngineMaterials/RemoveSurfaceMaterial.uasset" 269
"../../../Engine/Content/EngineMaterials/WeightMapPlaceholderTexture.uasset" 270
"../../../Engine/Content/EngineMaterials/Widget3DPassThrough.uasset" 271
"../../../Engine/Content/EngineMaterials/Widget3DPassThrough_Masked.uasset" 272
"../../../Engine/Content/EngineMaterials/Widget3DPassThrough_Opaque.uasset" 273
"../../../Engine/Content/EngineMaterials/Widget3DPassThrough_Masked_OneSided.uasset" 274
"../../../Engine/Content/EngineMaterials/Widget3DPassThrough_Opaque_OneSided.uasset" 275
"../../../Engine/Content/EngineMaterials/Widget3DPassThrough_Translucent.uasset" 276
"../../../Engine/Content/EngineMaterials/Widget3DPassThrough_Translucent_OneSided.uasset" 277
"../../../Engine/Content/EngineMeshes/Cylinder.uasset" 278
"../../../Engine/Content/EngineMeshes/Sphere.uasset" 279
"../../../Engine/Content/EngineResources/Black.uasset" 280
"../../../Engine/Content/EngineResources/DefaultTexture.uasset" 281
"../../../Engine/Content/EngineResources/DefaultTextureCube.uasset" 282
"../../../Engine/Content/EngineResources/DefaultVolumeTexture2D.uasset" 283
"../../../Engine/Content/EngineResources/DefaultVolumeTexture.uasset" 284
"../../../Engine/Content/EngineResources/GradientTexture0.uasset" 285
"../../../Engine/Content/EngineResources/StreamingPauseIcon.uasset" 286
"../../../Engine/Content/EngineResources/M_StreamingPause.uasset" 287
"../../../Engine/Content/EngineSounds/Master.uasset" 288
"../../../Engine/Content/Functions/Engine_MaterialFunctions01/Shading/PowerToRoughness.uasset" 289
"../../../Engine/Content/Maps/Templates/Thumbnails/Default.uasset" 290
"../../../Engine/Content/Maps/Templates/Thumbnails/VR-Basic.uasset" 291
"../../../Engine/Content/MapTemplates/Sky/DaylightAmbientCubemap.uasset" 292
"../../../Engine/Content/MobileResources/T_MobileControls_texture.uasset" 293
"../../../Engine/Content/MobileResources/T_MobileMenu2.uasset" 294
"../../../Engine/Content/MobileResources/HUD/AnalogHat.uasset" 295
"../../../Engine/Content/MobileResources/HUD/VirtualJoystick_Background.uasset" 296
"../../../Engine/Content/MobileResources/HUD/VirtualJoystick_Thumb.uasset" 297
"../../../Engine/Content/MobileResources/HUD/DefaultVirtualJoysticks.uasset" 298
"../../../Engine/Content/MobileResources/HUD/LeftVirtualJoystickOnly.uasset" 299
"../../../Engine/Content/MobileResources/HUD/MobileHUDButton1_off.uasset" 300
"../../../Engine/Content/MobileResources/HUD/MobileHUDButton1_on.uasset" 301
"../../../Engine/Content/MobileResources/HUD/MobileHUDButton2_off.uasset" 302
"../../../Engine/Content/MobileResources/HUD/MobileHUDButton2_on.uasset" 303
"../../../Engine/Content/MobileResources/HUD/MobileHUDButton3.uasset" 304
"../../../Engine/Content/MobileResources/HUD/MobileHUDButtonFire.uasset" 305
"../../../Engine/Content/MobileResources/HUD/MobileHUDDirectionPad.uasset" 306
"../../../Engine/Content/MobileResources/HUD/MobileHUDDirectionPad2.uasset" 307
"../../../Engine/Content/MobileResources/HUD/MobileHUDDirectionPad3.uasset" 308
"../../../Engine/Content/MobileResources/HUD/MobileHUDDirectionStick.uasset" 309
"../../../Engine/Content/MobileResources/HUD/T_Castle_ThumbstickInner.uasset" 310
"../../../Engine/Content/MobileResources/HUD/T_Castle_ThumbstickOutter.uasset" 311
"../../../Engine/Content/Tutorial/ContentIntroCurve.uasset" 312
"../../../Engine/Content/Tutorial/Basics/TutorialAssets/icon_tab_Levels_40x.uasset" 313
"../../../Engine/Content/Tutorial/BlueprintTutorials/TutorialAssets/Blueprint_64x.uasset" 314
"../../../Engine/Content/Tutorial/SubEditors/TutorialAssets/TutorialMaterial.uasset" 315
"../../../Engine/Content/Tutorial/SubEditors/TutorialAssets/T_SmokeSubUV_8X8.uasset" 316
"../../../Engine/Content/Tutorial/SubEditors/TutorialAssets/T_soft_smoke.uasset" 317
"../../../Engine/Content/Tutorial/SubEditors/TutorialAssets/M_smoke_subUV_blackbody.uasset" 318
"../../../Engine/Content/Tutorial/SubEditors/TutorialAssets/TutorialParticleSystem.uasset" 319
"../../../Engine/Content/VREditor/LaserPointer/VR_LaserPower_01.uasset" 320
"../../../Engine/Content/VREditor/TransformGizmo/TransformGizmoMaterial.uasset" 321
"../../../Engine/Content/VREditor/TransformGizmo/TranslucentTransformGizmoMaterial.uasset" 322
"../../../Engine/Content/VREditor/TransformGizmo/BoundingBoxCorner.uasset" 323
"../../../Engine/Content/VREditor/TransformGizmo/BoundingBoxEdge.uasset" 324
"../../../Engine/Content/VREditor/TransformGizmo/PlaneTranslationHandle.uasset" 325
"../../../Engine/Content/VREditor/TransformGizmo/Main.uasset" 326
"../../../Engine/Content/VREditor/TransformGizmo/Xray.uasset" 327
"../../../Engine/Content/VREditor/TransformGizmo/SM_Sequencer_Key.uasset" 328
"../../../Engine/Content/VREditor/TransformGizmo/SM_Sequencer_Node.uasset" 329
"../../../Engine/Content/Functions/Engine_MaterialFunctions02/Utility/BlendAngleCorrectedNormals.uasset" 330
"../../../../../../Level Design 2/Beauty/Content/Environment/Textures/Noise/T_Cave_Noise_14.uasset" 331
"../../../../../../Level Design 2/Beauty/Content/Environment/Textures/T_Environment_Materials_Wet_TilingFlow02.uasset" 332
"../../../../../../Level Design 2/Beauty/Content/Environment/MaterialFunctions/MF_GroundWetness.uasset" 333
"../../../../../../Level Design 2/Beauty/Content/Geometry/Meshes/lambert1.uasset" 334
"../../../../../../Level Design 2/Beauty/Content/Geometry/Meshes/Plane.uasset" 335
"../../../../../../Level Design 2/Beauty/Content/ImportedAssets/knife_heights.uasset" 336
"../../../Engine/Content/Functions/Engine_MaterialFunctions01/WorldPositionOffset/SimpleGrassWind.uasset" 337
"../../../../../../Level Design 2/Beauty/Content/ImportedAssets/Cobweb/Texture_Cobweb.uasset" 338
"../../../../../../Level Design 2/Beauty/Content/ImportedAssets/Cobweb/Cobweb.uasset" 339
"../../../../../../Level Design 2/Beauty/Content/ImportedAssets/Door/Extrude_NURBS_1Mat.uasset" 340
"../../../../../../Level Design 2/Beauty/Content/ImportedAssets/Door/Privy_Council_Door_Extrude_NURBS_1.uasset" 341
"../../../../../../Level Design 2/Beauty/Content/ImportedAssets/Materials/Divani_Chester_nuovi_regency_mat1.uasset" 342
"../../../../../../Level Design 2/Beauty/Content/ImportedAssets/Materials/Fiber.uasset" 343
"../../../../../../Level Design 2/Beauty/Content/ImportedAssets/Materials/Keys.uasset" 344
"../../../../../../Level Design 2/Beauty/Content/ImportedAssets/Materials/Pedal.uasset" 345
"../../../../../../Level Design 2/Beauty/Content/ImportedAssets/Piano/mus001_piano__Vr.uasset" 346
"../../../../../../Level Design 2/Beauty/Content/ImportedAssets/DungeonPack/stone-tile-2.uasset" 347
"../../../../../../Level Design 2/Beauty/Content/ImportedAssets/DungeonPack/stone-tile-2_Mat.uasset" 348
"../../../../../../Level Design 2/Beauty/Content/ImportedAssets/Door/44.uasset" 349
"../../../../../../Level Design 2/Beauty/Content/ImportedAssets/Door/Privy_Council_Door.uasset" 350
"../../../../../../Level Design 2/Beauty/Content/ImportedAssets/Door/Privy_Council_Door_Mat.uasset" 351
"../../../../../../Level Design 2/Beauty/Content/Meshes/woodenDoor.uasset" 352
"../../../../../../Level Design 2/Beauty/Content/Meshes/woodenDoor_DM.uasset" 353
"../../../Engine/Content/Functions/Engine_MaterialFunctions01/Gradient/RadialGradient.uasset" 354
"../../../../../../Level Design 2/Beauty/Content/Environment/Blueprints/FogSheet/Assets/MF_Raycast.uasset" 355
"../../../../../../Level Design 2/Beauty/Content/Environment/MaterialFunctions/MF_NormalMaskedVectors.uasset" 356
"../../../../../../Level Design 2/Beauty/Content/Environment/Textures/Noise/TilingNoise03.uasset" 357
"../../../../../../Level Design 2/Beauty/Content/Environment/Blueprints/FogSheet/Assets/M_FogSheet_Master.uasset" 358
"../../../../../../Level Design 2/Beauty/Content/Environment/Blueprints/FogSheet/Assets/M_FogSheet_Master_INST.uasset" 359
"../../../../../../Level Design 2/Beauty/Content/Environment/Blueprints/FogSheet/Assets/SM_FogSheet_Plane.uasset" 360
"../../../../../../Level Design 2/Beauty/Content/ParticleProject/BP_FogSheet.uasset" 361
"../../../Engine/Content/Functions/Engine_MaterialFunctions01/Gradient/LinearGradient.uasset" 362
"../../../Engine/Content/Functions/Engine_MaterialFunctions01/ImageAdjustment/CheapContrast.uasset" 363
"../../../Engine/Content/Functions/Engine_MaterialFunctions01/Shading/FuzzyShading.uasset" 364
"../../../Engine/Content/Functions/Engine_MaterialFunctions01/Texturing/WorldAlignedTexture.uasset" 365
"../../../Engine/Content/Functions/Engine_MaterialFunctions02/Texturing/HeightLerp.uasset" 366
"../../../../../../Level Design 2/Beauty/Content/Environment/Textures/Ice/T_Cave_Ice_Tiling_D.uasset" 367
"../../../../../../Level Design 2/Beauty/Content/Environment/Textures/T_Glacier_Cap_N.uasset" 368
"../../../../../../Level Design 2/Beauty/Content/Environment/MaterialFunctions/MF_Cave_Snow.uasset" 369
"../../../../../../Level Design 2/Beauty/Content/Environment/MaterialFunctions/MF_FuzzyShading.uasset" 370
"../../../../../../Level Design 2/Beauty/Content/Environment/MaterialFunctions/MF_SnowMask.uasset" 371
"../../../../../../Level Design 2/Beauty/Content/Environment/Textures/Ice/T_Cave_Ice_Noise_D.uasset" 372
"../../../../../../Level Design 2/Beauty/Content/Environment/Textures/Rock/T_CaveRock_Detail_N.uasset" 373
"../../../../../../Level Design 2/Beauty/Content/Environment/MaterialFunctions/MF_SnowBlend.uasset" 374
"../../../../../../Level Design 2/Beauty/Content/Environment/Textures/T_Cave_WaterDrips_M.uasset" 375
"../../../../../../Level Design 2/Beauty/Content/Environment/MaterialFunctions/MF_WetDrips.uasset" 376
"../../../../../../Level Design 2/Beauty/Content/Environment/MaterialFunctions/MF_Wetness.uasset" 377
"../../../../../../Level Design 2/Beauty/Content/Environment/Textures/T_Cave_Moss_D.uasset" 378
"../../../../../../Level Design 2/Beauty/Content/ParticleProject/M_Cave_Branch.uasset" 379
"../../../Engine/Content/Functions/MaterialLayerFunctions/MatLayerBlend_AO.uasset" 380
"../../../Engine/Content/Functions/MaterialLayerFunctions/MatLayerBlend_BakedNormal.uasset" 381
"../../../Engine/Content/Functions/MaterialLayerFunctions/MatLayerBlend_ModulateRoughness.uasset" 382
"../../../Engine/Content/Functions/MaterialLayerFunctions/MatLayerBlend_Simple.uasset" 383
"../../../Engine/Content/Functions/MaterialLayerFunctions/MatLayerBlend_Tint.uasset" 384
"../../../../../../Level Design 2/Beauty/Content/Environment/Textures/Rock/T_Cave_Rock_Detail_D.uasset" 385
"../../../../../../Level Design 2/Beauty/Content/Environment/MaterialFunctions/MF_Cave_Rock_01.uasset" 386
"../../../../../../Level Design 2/Beauty/Content/Environment/Textures/T_Cave_Dirt_Fine_N.uasset" 387
"../../../../../../Level Design 2/Beauty/Content/Environment/Textures/T_Cave_Stone_D.uasset" 388
"../../../../../../Level Design 2/Beauty/Content/Environment/MaterialFunctions/MF_Cave_Stone.uasset" 389
"../../../../../../Level Design 2/Beauty/Content/Environment/Textures/Bricks/T_Cave_Bricks_M.uasset" 390
"../../../../../../Level Design 2/Beauty/Content/Environment/Textures/Bricks/T_Cave_Bricks_N.uasset" 391
"../../../../../../Level Design 2/Beauty/Content/Environment/Textures/T_Cave_Stone_M.uasset" 392
"../../../../../../Level Design 2/Beauty/Content/ParticleProject/M_Cave_Bricks.uasset" 393
"../../../../../../Level Design 2/Beauty/Content/Environment/Materials/Bricks/M_Cave_Bricks.uasset" 394
"../../../../../../Level Design 2/Beauty/Content/ParticleProject/M_Cave_Bricks_Inst.uasset" 395
"../../../Engine/Content/Functions/MaterialLayerFunctions/MatLayerBlend_Standard.uasset" 396
"../../../../../../Level Design 2/Beauty/Content/Environment/Textures/Bricks/T_Cave_Bricks_Tiling_D.uasset" 397
"../../../../../../Level Design 2/Beauty/Content/Environment/Textures/Bricks/T_Cave_Bricks_Tiling_N.uasset" 398
"../../../../../../Level Design 2/Beauty/Content/Environment/MaterialFunctions/MF_Bricks.uasset" 399
"../../../../../../Level Design 2/Beauty/Content/Environment/Textures/Castle/T_Cave_Castle_M.uasset" 400
"../../../../../../Level Design 2/Beauty/Content/ParticleProject/M_Cave_Bricks_Tiling_.uasset" 401
"../../Plugins/2D/Paper2D/Content/PlaceholderTextures/DummySpriteTexture.uasset" 402
"../../Plugins/2D/Paper2D/Content/DummySprite.uasset" 403
"../../Plugins/2D/Paper2D/Content/DefaultPaperTerrainMaterial.uasset" 404
"../../Plugins/2D/Paper2D/Content/DefaultSpriteMaterial.uasset" 405
"../../Plugins/2D/Paper2D/Content/MaskedUnlitSpriteMaterial.uasset" 406
"../../Plugins/2D/Paper2D/Content/OpaqueUnlitSpriteMaterial.uasset" 407
"../../Plugins/Enterprise/DatasmithContent/Content/Blueprints/FBXImporter/ArrayOfActor.uasset" 408
"../../Plugins/Enterprise/DatasmithContent/Content/Blueprints/FBXImporter/ArrayOfSwitch.uasset" 409
"../../Plugins/Enterprise/DatasmithContent/Content/Blueprints/FBXImporter/BP_SceneNode.uasset" 410
"../../Plugins/Enterprise/DatasmithContent/Content/Blueprints/FBXImporter/BP_Switch.uasset" 411
"../../Plugins/Enterprise/DatasmithContent/Content/Blueprints/FBXImporter/BP_SceneRoot.uasset" 412
"../../Plugins/Enterprise/DatasmithContent/Content/Blueprints/FBXImporter/FBXImporterUtils.uasset" 413
"../../Plugins/Enterprise/DatasmithContent/Content/Blueprints/FBXImporter/Animation/DeltaGenAnimationTrackType.uasset" 414
"../../Plugins/Enterprise/DatasmithContent/Content/Blueprints/FBXImporter/Animation/VREDAnimationTrackComponent.uasset" 415
"../../Plugins/Enterprise/DatasmithContent/Content/Blueprints/FBXImporter/Animation/VREDAnimationTrackType.uasset" 416
"../../Plugins/Enterprise/DatasmithContent/Content/Blueprints/FBXImporter/Variants/VariantSwitchType.uasset" 417
"../../Plugins/Enterprise/DatasmithContent/Content/Blueprints/FBXImporter/Variants/VREDVariantSwitchType.uasset" 418
"../../Plugins/Runtime/Oculus/OculusVR/Content/Materials/PokeAHoleMaterial.uasset" 419
"../../Plugins/Runtime/Oculus/OculusVR/Content/Textures/GearVRController_AO.uasset" 420
"../../Plugins/Runtime/Oculus/OculusVR/Content/Textures/GearVRController_Color.uasset" 421
"../../Plugins/Runtime/Oculus/OculusVR/Content/Textures/GearVRController_Normal.uasset" 422
"../../Plugins/Runtime/Oculus/OculusVR/Content/Materials/GearVRControllerMaterial.uasset" 423
"../../Plugins/Runtime/Oculus/OculusVR/Content/Meshes/GearVrController.uasset" 424
"../../Plugins/Runtime/Oculus/OculusVR/Content/Textures/touchController_albedo.uasset" 425
"../../Plugins/Runtime/Oculus/OculusVR/Content/Textures/touchController_controlmap.uasset" 426
"../../Plugins/Runtime/Oculus/OculusVR/Content/Materials/touchController_mat.uasset" 427
"../../Plugins/Runtime/Oculus/OculusVR/Content/Meshes/LeftTouchController.uasset" 428
"../../Plugins/Runtime/Oculus/OculusVR/Content/Meshes/RiftHMD.uasset" 429
"../../Plugins/Runtime/Oculus/OculusVR/Content/Meshes/RightTouchController.uasset" 430
"../../../../../../Level Design 2/Beauty/Content/ImportedAssets/Textures/Brick_Wall_010_DISP.uasset" 431
"../../../../../../Level Design 2/Beauty/Content/ImportedAssets/Textures/Brick_Wall_010_ROUGH.uasset" 432
"../../../../../../Level Design 2/Beauty/Content/ImportedAssets/Textures/Rough_Painted_Wall_001_COLOR.uasset" 433
"../../../Engine/Content/Maps/Entry_BuiltData.uasset" 434
"../../../Engine/Content/Maps/Entry.umap" 435
"../../../../../../Level Design 2/Beauty/Content/FirstPerson/Character/Mesh/SK_Mannequin_Arms_Skeleton.uasset" 436
"../../../../../../Level Design 2/Beauty/Content/FirstPerson/Animations/FirstPerson_Idle.uasset" 437
"../../../../../../Level Design 2/Beauty/Content/FirstPerson/Animations/FirstPerson_JumpEnd.uasset" 438
"../../../../../../Level Design 2/Beauty/Content/FirstPerson/Animations/FirstPerson_JumpLoop.uasset" 439
"../../../../../../Level Design 2/Beauty/Content/FirstPerson/Animations/FirstPerson_JumpStart.uasset" 440
"../../../../../../Level Design 2/Beauty/Content/FirstPerson/Animations/FirstPerson_Run.uasset" 441
"../../../../../../Level Design 2/Beauty/Content/FirstPerson/Animations/FirstPerson_AnimBP.uasset" 442
"../../../../../../Level Design 2/Beauty/Content/FirstPerson/Animations/FirstPerson_Fire.uasset" 443
"../../../../../../Level Design 2/Beauty/Content/FirstPerson/Animations/FirstPersonFire_Montage.uasset" 444
"../../../../../../Level Design 2/Beauty/Content/FirstPerson/Meshes/BaseMaterial.uasset" 445
"../../../../../../Level Design 2/Beauty/Content/FirstPerson/Meshes/FirstPersonProjectileMaterial.uasset" 446
"../../../../../../Level Design 2/Beauty/Content/FirstPerson/Meshes/FirstPersonProjectileMesh.uasset" 447
"../../../../../../Level Design 2/Beauty/Content/FirstPersonBP/Blueprints/FirstPersonProjectile.uasset" 448
"../../../../../../Level Design 2/Beauty/Content/FirstPerson/Audio/FirstPersonTemplateWeaponFire02.uasset" 449
"../../../Engine/Content/Functions/MaterialLayerFunctions/MatLayerBlend_NormalBlend.uasset" 450
"../../../../../../Level Design 2/Beauty/Content/FirstPerson/Character/Materials/MaterialLayers/T_ML_Rubber_Blue_01_D.uasset" 451
"../../../../../../Level Design 2/Beauty/Content/FirstPerson/Character/Materials/MaterialLayers/T_ML_Rubber_Blue_01_N.uasset" 452
"../../../../../../Level Design 2/Beauty/Content/FirstPerson/Character/Materials/MaterialLayers/ML_GlossyBlack_Latex_UE4.uasset" 453
"../../../../../../Level Design 2/Beauty/Content/FirstPerson/Character/Materials/MaterialLayers/ML_Plastic_Shiny_Beige.uasset" 454
"../../../../../../Level Design 2/Beauty/Content/FirstPerson/Character/Textures/UE4_LOGO_CARD.uasset" 455
"../../../../../../Level Design 2/Beauty/Content/FirstPerson/Character/Materials/MaterialLayers/ML_Plastic_Shiny_Beige_LOGO.uasset" 456
"../../../../../../Level Design 2/Beauty/Content/FirstPerson/Character/Materials/MaterialLayers/T_ML_Aluminum01.uasset" 457
"../../../../../../Level Design 2/Beauty/Content/FirstPerson/Character/Materials/MaterialLayers/T_ML_Aluminum01_N.uasset" 458
"../../../../../../Level Design 2/Beauty/Content/FirstPerson/Character/Materials/MaterialLayers/ML_SoftMetal_UE4.uasset" 459
"../../../../../../Level Design 2/Beauty/Content/FirstPerson/Character/Textures/UE4_Mannequin__normals.uasset" 460
"../../../../../../Level Design 2/Beauty/Content/FirstPerson/Character/Textures/UE4_Mannequin_MAT_MASKA.uasset" 461
"../../../../../../Level Design 2/Beauty/Content/FirstPerson/Character/Materials/M_UE4Man_Body.uasset" 462
"../../../../../../Level Design 2/Beauty/Content/FirstPerson/Character/Mesh/SK_Mannequin_Arms_PhysicsAsset.uasset" 463
"../../../../../../Level Design 2/Beauty/Content/FirstPerson/Character/Mesh/SK_Mannequin_Arms.uasset" 464
"../../../../../../Level Design 2/Beauty/Content/FirstPerson/FPWeapon/Materials/MaterialLayers/T_ML_Rubber_Blue_01_D.uasset" 465
"../../../../../../Level Design 2/Beauty/Content/FirstPerson/FPWeapon/Materials/MaterialLayers/T_ML_Rubber_Blue_01_N.uasset" 466
"../../../../../../Level Design 2/Beauty/Content/FirstPerson/FPWeapon/Materials/MaterialLayers/ML_GlossyBlack_Latex_UE4.uasset" 467
"../../../../../../Level Design 2/Beauty/Content/FirstPerson/FPWeapon/Materials/MaterialLayers/ML_Plastic_Shiny_Beige.uasset" 468
"../../../../../../Level Design 2/Beauty/Content/FirstPerson/FPWeapon/Materials/MaterialLayers/ML_Screen.uasset" 469
"../../../../../../Level Design 2/Beauty/Content/FirstPerson/FPWeapon/Materials/MaterialLayers/T_ML_Aluminum01.uasset" 470
"../../../../../../Level Design 2/Beauty/Content/FirstPerson/FPWeapon/Materials/MaterialLayers/T_ML_Aluminum01_N.uasset" 471
"../../../../../../Level Design 2/Beauty/Content/FirstPerson/FPWeapon/Materials/MaterialLayers/ML_SoftMetal_UE4.uasset" 472
"../../../../../../Level Design 2/Beauty/Content/FirstPerson/FPWeapon/Textures/T_FPGun_M.uasset" 473
"../../../../../../Level Design 2/Beauty/Content/FirstPerson/FPWeapon/Textures/T_FPGun_N.uasset" 474
"../../../../../../Level Design 2/Beauty/Content/FirstPerson/FPWeapon/Materials/M_FPGun.uasset" 475
"../../../../../../Level Design 2/Beauty/Content/FirstPerson/FPWeapon/Mesh/SK_FPGun_Skeleton.uasset" 476
"../../../../../../Level Design 2/Beauty/Content/FirstPerson/FPWeapon/Mesh/SK_FPGun.uasset" 477
"../../../../../../Level Design 2/Beauty/Content/FirstPersonBP/Blueprints/FirstPersonCharacter.uasset" 478
"../../../../../../Level Design 2/Beauty/Content/Blueprints/BP_TriggerBox_Blueprint.uasset" 479
"../../../Engine/Content/EngineSky/C_Sky_Cloud_Color.uasset" 480
"../../../Engine/Content/EngineSky/C_Sky_Horizon_Color.uasset" 481
"../../../Engine/Content/EngineSky/C_Sky_Zenith_Color.uasset" 482
"../../../Engine/Content/EngineSky/T_Sky_Blue.uasset" 483
"../../../Engine/Content/EngineSky/T_Sky_Clouds_M.uasset" 484
"../../../Engine/Content/EngineSky/T_Sky_Stars.uasset" 485
"../../../Engine/Content/EngineSky/M_Sky_Panning_Clouds2.uasset" 486
"../../../Engine/Content/EngineSky/SM_SkySphere.uasset" 487
"../../../Engine/Content/EngineSky/BP_Sky_Sphere.uasset" 488
"../../../../../../Level Design 2/Beauty/Content/FirstPerson/Textures/FirstPersonCrosshair.uasset" 489
"../../../../../../Level Design 2/Beauty/Content/FirstPersonBP/Blueprints/FirstPersonHUD.uasset" 490
"../../../../../../Level Design 2/Beauty/Content/FirstPersonBP/Blueprints/FirstPersonGameMode.uasset" 491
"../../../../../../Level Design 2/Beauty/Content/ImportedAssets/Materials/Regency_low_my_Divani_Chester_nuovi_regency_mat_Normal.uasset" 492
"../../../../../../Level Design 2/Beauty/Content/ImportedAssets/Materials/Regency_low_my_Divani_Chester_nuovi_regency_mat_Specular.uasset" 493
"../../../../../../Level Design 2/Beauty/Content/ImportedAssets/Regency_low_my_Divani_Chester_nuovi_regency_mat_Diffuse.uasset" 494
"../../../../../../Level Design 2/Beauty/Content/ImportedAssets/Materials/Regency_low_my_Divani_Chester_nuovi_regency_mat_Mat.uasset" 495
"../../../../../../Level Design 2/Beauty/Content/ImportedAssets/Regency_low_optimized.uasset" 496
"../../../../../../Level Design 2/Beauty/Content/ImportedAssets/AssetBPs/BP_Armchair.uasset" 497
"../../../../../../Level Design 2/Beauty/Content/ImportedAssets/wooden_barrels_dif.uasset" 498
"../../../../../../Level Design 2/Beauty/Content/ImportedAssets/Materials/wooden_barrels_dif_Mat.uasset" 499
"../../../../../../Level Design 2/Beauty/Content/ImportedAssets/Materials/Wooden_barrels.uasset" 500
"../../../../../../Level Design 2/Beauty/Content/ImportedAssets/Wooden_barrels_Wooden_barrel_01.uasset" 501
"../../../../../../Level Design 2/Beauty/Content/ImportedAssets/AssetBPs/BP_Barrel.uasset" 502
"../../../../../../Level Design 2/Beauty/Content/ImportedAssets/Library/BOOKS_TEXTURE.uasset" 503
"../../../../../../Level Design 2/Beauty/Content/ImportedAssets/Library/BOOKS_TEXTURE_Mat.uasset" 504
"../../../../../../Level Design 2/Beauty/Content/ImportedAssets/Library/Object007Mat.uasset" 505
"../../../../../../Level Design 2/Beauty/Content/ImportedAssets/Library/BOOKS_OBJ.uasset" 506
"../../../../../../Level Design 2/Beauty/Content/ImportedAssets/AssetBPs/BP_BooksForShelf.uasset" 507
"../../../../../../Level Design 2/Beauty/Content/AnimalVarietyPack/DeerStagAndDoe/Textures/T_DeeDoe_BaseColor.uasset" 508
"../../../../../../Level Design 2/Beauty/Content/AnimalVarietyPack/DeerStagAndDoe/Textures/T_DeeDoe_Nml.uasset" 509
"../../../../../../Level Design 2/Beauty/Content/AnimalVarietyPack/DeerStagAndDoe/Textures/T_DeerDoe_OcclusionRoughnessMetallic.uasset" 510
"../../../../../../Level Design 2/Beauty/Content/AnimalVarietyPack/DeerStagAndDoe/Textures/T_Stag_Specular.uasset" 511
"../../../../../../Level Design 2/Beauty/Content/AnimalVarietyPack/DeerStagAndDoe/Materials/M_DeerDoe.uasset" 512
"../../../../../../Level Design 2/Beauty/Content/AnimalVarietyPack/DeerStagAndDoe/Materials/M_DeerDoeFur.uasset" 513
"../../../../../../Level Design 2/Beauty/Content/AnimalVarietyPack/DeerStagAndDoe/Meshes/SK_DeerDoe_PhysicsAsset.uasset" 514
"../../../../../../Level Design 2/Beauty/Content/AnimalVarietyPack/DeerStagAndDoe/Meshes/SK_DeerDoe_Skeleton.uasset" 515
"../../../../../../Level Design 2/Beauty/Content/AnimalVarietyPack/DeerStagAndDoe/Meshes/SK_DeerDoe.uasset" 516
"../../../../../../Level Design 2/Beauty/Content/ImportedAssets/AssetBPs/BP_DeerDoe.uasset" 517
"../../../../../../Level Design 2/Beauty/Content/AnimalVarietyPack/DeerStagAndDoe/Textures/T_Stag_BaseColor.uasset" 518
"../../../../../../Level Design 2/Beauty/Content/AnimalVarietyPack/DeerStagAndDoe/Textures/T_Stag_Nml.uasset" 519
"../../../../../../Level Design 2/Beauty/Content/AnimalVarietyPack/DeerStagAndDoe/Textures/T_Stag_OcclusionRoughnessMetllic.uasset" 520
"../../../../../../Level Design 2/Beauty/Content/AnimalVarietyPack/DeerStagAndDoe/Materials/M_DeerStag.uasset" 521
"../../../../../../Level Design 2/Beauty/Content/AnimalVarietyPack/DeerStagAndDoe/Materials/M_DeerStagFur.uasset" 522
"../../../../../../Level Design 2/Beauty/Content/AnimalVarietyPack/DeerStagAndDoe/Meshes/SK_DeerStag_PhysicsAsset.uasset" 523
"../../../../../../Level Design 2/Beauty/Content/AnimalVarietyPack/DeerStagAndDoe/Meshes/SK_DeerStag_Skeleton.uasset" 524
"../../../../../../Level Design 2/Beauty/Content/AnimalVarietyPack/DeerStagAndDoe/Meshes/SK_DeerStag.uasset" 525
"../../../../../../Level Design 2/Beauty/Content/ImportedAssets/AssetBPs/BP_DeerStag.uasset" 526
"../../../../../../Level Design 2/Beauty/Content/AnimalVarietyPack/Fox/Textures/T_Fox_BaseColor.uasset" 527
"../../../../../../Level Design 2/Beauty/Content/AnimalVarietyPack/Fox/Textures/T_Fox_Nml.uasset" 528
"../../../../../../Level Design 2/Beauty/Content/AnimalVarietyPack/Fox/Textures/T_Fox_OcclusionRoughnessMetallic.uasset" 529
"../../../../../../Level Design 2/Beauty/Content/AnimalVarietyPack/Fox/Textures/T_Fox_Specular.uasset" 530
"../../../../../../Level Design 2/Beauty/Content/AnimalVarietyPack/Fox/Materials/M_Fox.uasset" 531
"../../../../../../Level Design 2/Beauty/Content/AnimalVarietyPack/Fox/Materials/M_FoxFur.uasset" 532
"../../../../../../Level Design 2/Beauty/Content/AnimalVarietyPack/Fox/Meshes/SK_Fox_PhysicsAsset.uasset" 533
"../../../../../../Level Design 2/Beauty/Content/AnimalVarietyPack/Fox/Meshes/SK_Fox_Skeleton.uasset" 534
"../../../../../../Level Design 2/Beauty/Content/AnimalVarietyPack/Fox/Meshes/SK_Fox.uasset" 535
"../../../../../../Level Design 2/Beauty/Content/ImportedAssets/AssetBPs/BP_Fox.uasset" 536
"../../../../../../Level Design 2/Beauty/Content/ImportedAssets/Wooden_barrels_Wooden_kadkam.uasset" 537
"../../../../../../Level Design 2/Beauty/Content/ImportedAssets/AssetBPs/BP_Kadkam.uasset" 538
"../../../../../../Level Design 2/Beauty/Content/ImportedAssets/lofe_11_3_1_s.uasset" 539
"../../../../../../Level Design 2/Beauty/Content/ImportedAssets/lofe_11_3_1_Mat.uasset" 540
"../../../../../../Level Design 2/Beauty/Content/ImportedAssets/default001Mat.uasset" 541
"../../../../../../Level Design 2/Beauty/Content/ImportedAssets/Misty_VelvetCurtain_default001.uasset" 542
"../../../../../../Level Design 2/Beauty/Content/ImportedAssets/AssetBPs/BP_PartedCurtain.uasset" 543
"../../../../../../Level Design 2/Beauty/Content/ImportedAssets/Materials/Black.uasset" 544
"../../../../../../Level Design 2/Beauty/Content/ImportedAssets/piano.uasset" 545
"../../../../../../Level Design 2/Beauty/Content/ImportedAssets/AssetBPs/BP_Piano.uasset" 546
"../../../../../../Level Design 2/Beauty/Content/AnimalVarietyPack/Pig/Textures/T_Pig_BaseColor.uasset" 547
"../../../../../../Level Design 2/Beauty/Content/AnimalVarietyPack/Pig/Textures/T_Pig_Nml.uasset" 548
"../../../../../../Level Design 2/Beauty/Content/AnimalVarietyPack/Pig/Textures/T_Pig_OcclusionRoughnessMetallic.uasset" 549
"../../../../../../Level Design 2/Beauty/Content/AnimalVarietyPack/Pig/Textures/T_Pig_Specular.uasset" 550
"../../../../../../Level Design 2/Beauty/Content/AnimalVarietyPack/Pig/Materials/M_Pig.uasset" 551
"../../../../../../Level Design 2/Beauty/Content/AnimalVarietyPack/Pig/Materials/M_PigHair.uasset" 552
"../../../../../../Level Design 2/Beauty/Content/AnimalVarietyPack/Pig/Meshes/SK_Pig_PhysicsAsset.uasset" 553
"../../../../../../Level Design 2/Beauty/Content/AnimalVarietyPack/Pig/Meshes/SK_Pig_Skeleton.uasset" 554
"../../../../../../Level Design 2/Beauty/Content/AnimalVarietyPack/Pig/Meshes/SK_Pig.uasset" 555
"../../../../../../Level Design 2/Beauty/Content/ImportedAssets/AssetBPs/BP_Pig.uasset" 556
"../../../../../../Level Design 2/Beauty/Content/ImportedAssets/Object089Mat.uasset" 557
"../../../../../../Level Design 2/Beauty/Content/ImportedAssets/Misty_VelvetCurtain_Object089.uasset" 558
"../../../../../../Level Design 2/Beauty/Content/ImportedAssets/AssetBPs/BP_RegCurtain.uasset" 559
"../../../../../../Level Design 2/Beauty/Content/ImportedAssets/Library/SHELF_TEXTURE.uasset" 560
"../../../../../../Level Design 2/Beauty/Content/ImportedAssets/Library/SHELF_TEXTURE_Mat.uasset" 561
"../../../../../../Level Design 2/Beauty/Content/ImportedAssets/Library/SHELFMat.uasset" 562
"../../../../../../Level Design 2/Beauty/Content/ImportedAssets/Library/SHELF_OBJ.uasset" 563
"../../../../../../Level Design 2/Beauty/Content/ImportedAssets/AssetBPs/BP_ShelfForBooks.uasset" 564
"../../../../../../Level Design 2/Beauty/Content/ImportedAssets/Materials/AXALI_15.uasset" 565
"../../../../../../Level Design 2/Beauty/Content/ImportedAssets/AXALI_15_Mat.uasset" 566
"../../../../../../Level Design 2/Beauty/Content/ImportedAssets/Materials/fabric.uasset" 567
"../../../../../../Level Design 2/Beauty/Content/ImportedAssets/SHTORA.uasset" 568
"../../../../../../Level Design 2/Beauty/Content/ImportedAssets/AssetBPs/BP_SHTORACurtain.uasset" 569
"../../../../../../Level Design 2/Beauty/Content/ImportedAssets/Materials/neuro_bottle_diffuse.uasset" 570
"../../../../../../Level Design 2/Beauty/Content/ImportedAssets/Materials/neuro_bottle_Mat.uasset" 571
"../../../../../../Level Design 2/Beauty/Content/ImportedAssets/Materials/Cylinder01Mat.uasset" 572
"../../../../../../Level Design 2/Beauty/Content/ImportedAssets/neuro_bottle_obj.uasset" 573
"../../../../../../Level Design 2/Beauty/Content/ImportedAssets/AssetBPs/BP_WineBottle.uasset" 574
"../../../../../../Level Design 2/Beauty/Content/AnimalVarietyPack/Wolf/Textures/T_Wolf_BaseColorAlpha.uasset" 575
"../../../../../../Level Design 2/Beauty/Content/AnimalVarietyPack/Wolf/Textures/T_Wolf_Nml.uasset" 576
"../../../../../../Level Design 2/Beauty/Content/AnimalVarietyPack/Wolf/Textures/T_Wolf_OcclusionRoughnessMetallic.uasset" 577
"../../../../../../Level Design 2/Beauty/Content/AnimalVarietyPack/Wolf/Textures/T_Wolf_Specular.uasset" 578
"../../../../../../Level Design 2/Beauty/Content/AnimalVarietyPack/Wolf/Materials/M_Wolf.uasset" 579
"../../../../../../Level Design 2/Beauty/Content/AnimalVarietyPack/Wolf/Materials/M_WolfFur.uasset" 580
"../../../../../../Level Design 2/Beauty/Content/AnimalVarietyPack/Wolf/Meshes/SK_Wolf_PhysicsAsset.uasset" 581
"../../../../../../Level Design 2/Beauty/Content/AnimalVarietyPack/Wolf/Meshes/SK_Wolf_Skeleton.uasset" 582
"../../../../../../Level Design 2/Beauty/Content/AnimalVarietyPack/Wolf/Meshes/SK_Wolf.uasset" 583
"../../../../../../Level Design 2/Beauty/Content/ImportedAssets/AssetBPs/BP_Wolf.uasset" 584
"../../../../../../Level Design 2/Beauty/Content/FirstPersonBP/Maps/FirstPersonExampleMap_BuiltData.uasset" 585
"../../../Engine/Content/EngineMaterials/AntiAliasedTextMaterialTranslucent.uasset" 586
"../../../../../../Level Design 2/Beauty/Content/ImportedAssets/DungeonPack/oldmetal-1.uasset" 587
"../../../../../../Level Design 2/Beauty/Content/ImportedAssets/DungeonPack/oldmetal-1_Mat.uasset" 588
"../../../../../../Level Design 2/Beauty/Content/ImportedAssets/DungeonPack/Wood-1.uasset" 589
"../../../../../../Level Design 2/Beauty/Content/Environment/Materials/Misc/DustTexture.uasset" 590
"../../../../../../Level Design 2/Beauty/Content/ImportedAssets/Piano/Piano2/Texture_Piano2.uasset" 591
"../../../../../../Level Design 2/Beauty/Content/ImportedAssets/Piano/Piano2/Texture_Piano2_Mat.uasset" 592
"../../../../../../Level Design 2/Beauty/Content/ImportedAssets/Textures/Blue_Marble_002_COLOR.uasset" 593
"../../../../../../Level Design 2/Beauty/Content/ImportedAssets/Textures/Blue_Marble_002_DISP.uasset" 594
"../../../../../../Level Design 2/Beauty/Content/ImportedAssets/Textures/Blue_Marble_002_NORM.uasset" 595
"../../../../../../Level Design 2/Beauty/Content/ImportedAssets/Textures/Blue_Marble_002_OCC.uasset" 596
"../../../../../../Level Design 2/Beauty/Content/ImportedAssets/Textures/Blue_Marble_002_ROUGH.uasset" 597
"../../../../../../Level Design 2/Beauty/Content/ImportedAssets/Textures/Blue_Marble_002_COLOR_Mat.uasset" 598
"../../../../../../Level Design 2/Beauty/Content/Environment/Materials/Misc/Dust.uasset" 599
"../../../../../../Level Design 2/Beauty/Content/Environment/Materials/Misc/Dust_Inst.uasset" 600
"../../../../../../Level Design 2/Beauty/Content/FirstPerson/Meshes/CubeMaterialOverride.uasset" 601
"../../../../../../Level Design 2/Beauty/Content/Geometry/Meshes/CubeMaterial.uasset" 602
"../../../../../../Level Design 2/Beauty/Content/Geometry/Meshes/1M_Cube.uasset" 603
"../../../../../../Level Design 2/Beauty/Content/ImportedAssets/Material__0.uasset" 604
"../../../../../../Level Design 2/Beauty/Content/ImportedAssets/deskWorn_OBJ.uasset" 605
"../../../../../../Level Design 2/Beauty/Content/ImportedAssets/DungeonPack/Clay-1.uasset" 606
"../../../../../../Level Design 2/Beauty/Content/ImportedAssets/DungeonPack/Fabric.uasset" 607
"../../../../../../Level Design 2/Beauty/Content/ImportedAssets/DungeonPack/Old_Metal-1.uasset" 608
"../../../../../../Level Design 2/Beauty/Content/ImportedAssets/DungeonPack/Old_Metal-2.uasset" 609
"../../../../../../Level Design 2/Beauty/Content/ImportedAssets/DungeonPack/level_0.uasset" 610
"../../../../../../Level Design 2/Beauty/Content/ImportedAssets/TreeBark.uasset" 611
"../../../../../../Level Design 2/Beauty/Content/ImportedAssets/Material__46.uasset" 612
"../../../../../../Level Design 2/Beauty/Content/ImportedAssets/BlackFoam.uasset" 613
"../../../../../../Level Design 2/Beauty/Content/ImportedAssets/Material__58.uasset" 614
"../../../../../../Level Design 2/Beauty/Content/ImportedAssets/FireTorchFBX.uasset" 615
"../../../../../../Level Design 2/Beauty/Content/ImportedAssets/Materials/libro.uasset" 616
"../../../../../../Level Design 2/Beauty/Content/ImportedAssets/Materials/librobump.uasset" 617
"../../../../../../Level Design 2/Beauty/Content/ImportedAssets/Materials/libroEspecular.uasset" 618
"../../../../../../Level Design 2/Beauty/Content/ImportedAssets/Materials/blinn1.uasset" 619
"../../../../../../Level Design 2/Beauty/Content/ImportedAssets/Library/FbxBook.uasset" 620
"../../../../../../Level Design 2/Beauty/Content/ImportedAssets/Piano/Piano2/lambert2.uasset" 621
"../../../../../../Level Design 2/Beauty/Content/ImportedAssets/Piano/Piano2/Piano2.uasset" 622
"../../../../../../Level Design 2/Beauty/Content/FirstPersonBP/Maps/FirstPersonExampleMap.umap" 623
"../../../../../../Level Design 2/Beauty/Content/Blueprints/BP_VoiceActivation.uasset" 624
"../../../Engine/Content/Functions/Engine_MaterialFunctions02/SafeNormalize.uasset" 625
"../../../Engine/Content/Functions/Engine_MaterialFunctions02/Math/CreateThirdOrthogonalVector.uasset" 626
"../../../Engine/Content/Functions/Engine_MaterialFunctions02/Utility/BreakOutFloat3Components.uasset" 627
"../../../Engine/Content/Functions/Engine_MaterialFunctions02/Math/Transform3x3Matrix.uasset" 628
"../../../Engine/Content/Functions/Engine_MaterialFunctions02/TangentBasis.uasset" 629
"../../../Engine/Content/Functions/Engine_MaterialFunctions01/WorldPositionOffset/SplineThicken.uasset" 630
"../../../../../../Level Design 2/Beauty/Content/Environment/Blueprints/Lightshaft/T_GodRay_Mask01.uasset" 631
"../../../../../../Level Design 2/Beauty/Content/Environment/Textures/Noise/TilingNoise02.uasset" 632
"../../../../../../Level Design 2/Beauty/Content/Environment/Blueprints/Lightshaft/M_GodRay.uasset" 633
"../../../../../../Level Design 2/Beauty/Content/Environment/Blueprints/Lightshaft/M_GodRay_Inst_Animated.uasset" 634
"../../../../../../Level Design 2/Beauty/Content/Environment/Blueprints/Lightshaft/SM_GodRay_Plane.uasset" 635
"../../../../../../Level Design 2/Beauty/Content/Environment/Blueprints/Lightshaft/T_GodRay_Mask02.uasset" 636
"../../../../../../Level Design 2/Beauty/Content/Environment/Blueprints/Lightshaft/BP_GodRay.uasset" 637
"../../../../../../Level Design 2/Beauty/Content/Maps/AudioScene_BuiltData.uasset" 638
"../../../Engine/Content/BasicShapes/BasicShapeMaterial.uasset" 639
"../../../../../../Level Design 2/Beauty/Content/ImportedAssets/DungeonPack/stone-tile-3.uasset" 640
"../../../../../../Level Design 2/Beauty/Content/ImportedAssets/DungeonPack/stone-tile-3_NRM.uasset" 641
"../../../../../../Level Design 2/Beauty/Content/ImportedAssets/DungeonPack/stone-tile-3_Mat.uasset" 642
"../../../../../../Level Design 2/Beauty/Content/ImportedAssets/Fireplace/arch36_002_diffuse2.uasset" 643
"../../../../../../Level Design 2/Beauty/Content/ImportedAssets/Fireplace/arch36_002_diffuse2_Mat.uasset" 644
"../../../../../../Level Design 2/Beauty/Content/ImportedAssets/Fireplace/arch36_002_diffuse3.uasset" 645
"../../../../../../Level Design 2/Beauty/Content/ImportedAssets/Fireplace/arch36_002_diffuse3_Mat.uasset" 646
"../../../../../../Level Design 2/Beauty/Content/ImportedAssets/Fireplace/Arch_Interiors_4_001_fire.uasset" 647
"../../../../../../Level Design 2/Beauty/Content/ImportedAssets/Fireplace/Arch_Interiors_4_001_fire_Mat.uasset" 648
"../../../../../../Level Design 2/Beauty/Content/ImportedAssets/Fireplace/Wood_bump.uasset" 649
"../../../../../../Level Design 2/Beauty/Content/ImportedAssets/Fireplace/Wood_bump_Mat.uasset" 650
"../../../../../../Level Design 2/Beauty/Content/ImportedAssets/knife_D.uasset" 651
"../../../../../../Level Design 2/Beauty/Content/ImportedAssets/knife_N.uasset" 652
"../../../../../../Level Design 2/Beauty/Content/ImportedAssets/knife_S.uasset" 653
"../../../../../../Level Design 2/Beauty/Content/ImportedAssets/knife_Mat.uasset" 654
"../../../../../../Level Design 2/Beauty/Content/ImportedAssets/Materials/07_-_Default.uasset" 655
"../../../../../../Level Design 2/Beauty/Content/ImportedAssets/Textures/Azulejos_002_COLOR.uasset" 656
"../../../../../../Level Design 2/Beauty/Content/ImportedAssets/Textures/Azulejos_002_DISP.uasset" 657
"../../../../../../Level Design 2/Beauty/Content/ImportedAssets/Textures/Azulejos_002_NORM.uasset" 658
"../../../../../../Level Design 2/Beauty/Content/ImportedAssets/Textures/Azulejos_002_OCC.uasset" 659
"../../../../../../Level Design 2/Beauty/Content/ImportedAssets/Textures/Azulejos_002_ROUGH.uasset" 660
"../../../../../../Level Design 2/Beauty/Content/ImportedAssets/Textures/Azulejos_002_COLOR_Mat.uasset" 661
"../../../../../../Level Design 2/Beauty/Content/ImportedAssets/Textures/Brick_Wall_010_COLOR.uasset" 662
"../../../../../../Level Design 2/Beauty/Content/ImportedAssets/Textures/Brick_Wall_010_NORM.uasset" 663
"../../../../../../Level Design 2/Beauty/Content/ImportedAssets/Textures/Brick_Wall_010_OCC.uasset" 664
"../../../../../../Level Design 2/Beauty/Content/ImportedAssets/Textures/Brick_Wall_010_COLOR_Mat.uasset" 665
"../../../../../../Level Design 2/Beauty/Content/ImportedAssets/Textures/Granite_002_COLOR_COLOR.uasset" 666
"../../../../../../Level Design 2/Beauty/Content/ImportedAssets/Textures/Granite_002_COLOR_DISP.uasset" 667
"../../../../../../Level Design 2/Beauty/Content/ImportedAssets/Textures/Granite_002_COLOR_NORM.uasset" 668
"../../../../../../Level Design 2/Beauty/Content/ImportedAssets/Textures/Granite_002_COLOR_OCC.uasset" 669
"../../../../../../Level Design 2/Beauty/Content/ImportedAssets/Textures/Granite_002_COLOR_ROUGH.uasset" 670
"../../../../../../Level Design 2/Beauty/Content/ImportedAssets/Textures/Granite_002_COLOR_COLOR_Mat.uasset" 671
"../../../../../../Level Design 2/Beauty/Content/ParticleProject/M_Cave_Bricks_Inst_VP.uasset" 672
"../../../Engine/Content/BasicShapes/Cube.uasset" 673
"../../../../../../Level Design 2/Beauty/Content/ImportedAssets/Fireplace/wire_177088027.uasset" 674
"../../../../../../Level Design 2/Beauty/Content/ImportedAssets/Fireplace/1_Box002.uasset" 675
"../../../../../../Level Design 2/Beauty/Content/ImportedAssets/Fireplace/1_Box003.uasset" 676
"../../../../../../Level Design 2/Beauty/Content/ImportedAssets/Fireplace/1_Box004.uasset" 677
"../../../../../../Level Design 2/Beauty/Content/ImportedAssets/Fireplace/1_Box005.uasset" 678
"../../../../../../Level Design 2/Beauty/Content/ImportedAssets/Fireplace/wire_143224087.uasset" 679
"../../../../../../Level Design 2/Beauty/Content/ImportedAssets/Fireplace/1_default002.uasset" 680
"../../../../../../Level Design 2/Beauty/Content/ImportedAssets/Fireplace/1_default01.uasset" 681
"../../../../../../Level Design 2/Beauty/Content/ImportedAssets/Fireplace/wire_108008136.uasset" 682
"../../../../../../Level Design 2/Beauty/Content/ImportedAssets/Fireplace/1_Helix001.uasset" 683
"../../../../../../Level Design 2/Beauty/Content/ImportedAssets/Fireplace/1_Helix002.uasset" 684
"../../../../../../Level Design 2/Beauty/Content/ImportedAssets/Fireplace/1_Helix003.uasset" 685
"../../../../../../Level Design 2/Beauty/Content/ImportedAssets/Fireplace/1_Helix004.uasset" 686
"../../../../../../Level Design 2/Beauty/Content/ImportedAssets/Fireplace/1_Helix005.uasset" 687
"../../../../../../Level Design 2/Beauty/Content/ImportedAssets/Fireplace/1_Helix006.uasset" 688
"../../../../../../Level Design 2/Beauty/Content/ImportedAssets/Fireplace/wire_214229166.uasset" 689
"../../../../../../Level Design 2/Beauty/Content/ImportedAssets/Fireplace/1_Line223.uasset" 690
"../../../../../../Level Design 2/Beauty/Content/ImportedAssets/Fireplace/wire_177148027.uasset" 691
"../../../../../../Level Design 2/Beauty/Content/ImportedAssets/Fireplace/1_Line225.uasset" 692
"../../../../../../Level Design 2/Beauty/Content/ImportedAssets/Fireplace/wire_153228184.uasset" 693
"../../../../../../Level Design 2/Beauty/Content/ImportedAssets/Fireplace/1_Line229.uasset" 694
"../../../../../../Level Design 2/Beauty/Content/ImportedAssets/Fireplace/wire_154215229.uasset" 695
"../../../../../../Level Design 2/Beauty/Content/ImportedAssets/Fireplace/1_Line230.uasset" 696
"../../../../../../Level Design 2/Beauty/Content/ImportedAssets/Fireplace/wire_177028149.uasset" 697
"../../../../../../Level Design 2/Beauty/Content/ImportedAssets/Fireplace/1_Line232.uasset" 698
"../../../../../../Level Design 2/Beauty/Content/ImportedAssets/Fireplace/1_Line233.uasset" 699
"../../../../../../Level Design 2/Beauty/Content/ImportedAssets/Fireplace/1_Line234.uasset" 700
"../../../../../../Level Design 2/Beauty/Content/ImportedAssets/Fireplace/1_Line235.uasset" 701
"../../../../../../Level Design 2/Beauty/Content/ImportedAssets/Fireplace/wire_087225087.uasset" 702
"../../../../../../Level Design 2/Beauty/Content/ImportedAssets/Fireplace/1_Line237.uasset" 703
"../../../../../../Level Design 2/Beauty/Content/ImportedAssets/Fireplace/1_Line238.uasset" 704
"../../../../../../Level Design 2/Beauty/Content/ImportedAssets/Fireplace/wire_228184153.uasset" 705
"../../../../../../Level Design 2/Beauty/Content/ImportedAssets/Fireplace/1_Line242.uasset" 706
"../../../../../../Level Design 2/Beauty/Content/ImportedAssets/Fireplace/1_Line32.uasset" 707
"../../../../../../Level Design 2/Beauty/Content/ImportedAssets/Fireplace/1_Loft001.uasset" 708
"../../../../../../Level Design 2/Beauty/Content/ImportedAssets/Fireplace/1_Mesh001.uasset" 709
"../../../../../../Level Design 2/Beauty/Content/ImportedAssets/Fireplace/1_Mesh002.uasset" 710
"../../../../../../Level Design 2/Beauty/Content/ImportedAssets/Fireplace/1_Mesh003.uasset" 711
"../../../../../../Level Design 2/Beauty/Content/ImportedAssets/Fireplace/1_Mesh004.uasset" 712
"../../../../../../Level Design 2/Beauty/Content/ImportedAssets/Fireplace/1_Mesh005.uasset" 713
"../../../../../../Level Design 2/Beauty/Content/ImportedAssets/Fireplace/wire_184155229.uasset" 714
"../../../../../../Level Design 2/Beauty/Content/ImportedAssets/Fireplace/1_Rectangle006.uasset" 715
"../../../../../../Level Design 2/Beauty/Content/ImportedAssets/Fireplace/1_Rectangle007.uasset" 716
"../../../../../../Level Design 2/Beauty/Content/ImportedAssets/Fireplace/1_Rectangle014.uasset" 717
"../../../../../../Level Design 2/Beauty/Content/ImportedAssets/Fireplace/1_Shape003.uasset" 718
"../../../../../../Level Design 2/Beauty/Content/ImportedAssets/Fireplace/1_Shape004.uasset" 719
"../../../../../../Level Design 2/Beauty/Content/ImportedAssets/Fireplace/1_Shape005.uasset" 720
"../../../../../../Level Design 2/Beauty/Content/ImportedAssets/Fireplace/1_Shape006.uasset" 721
"../../../../../../Level Design 2/Beauty/Content/ImportedAssets/knifeMat.uasset" 722
"../../../../../../Level Design 2/Beauty/Content/ImportedAssets/knife.uasset" 723
"../../../../../../Level Design 2/Beauty/Content/ImportedAssets/Piano/Piano2/Final_piano2.uasset" 724
"../../../../../../Level Design 2/Beauty/Content/Effects/Textures/Fire/T_FireSubUV_11X11_32.uasset" 725
"../../../../../../Level Design 2/Beauty/Content/Effects/Textures/Noise/T_TilingNoise16.uasset" 726
"../../../../../../Level Design 2/Beauty/Content/Effects/Materials/Fire/M_Fire_SubUV_11X11_Noise.uasset" 727
"../../../../../../Level Design 2/Beauty/Content/Effects/Textures/Noise/T_HeatTile3_N.uasset" 728
"../../../../../../Level Design 2/Beauty/Content/Effects/Textures/Noise/T_TilingNoise03.uasset" 729
"../../../../../../Level Design 2/Beauty/Content/Effects/Materials/Fire/M_HeatDistort.uasset" 730
"../../../../../../Level Design 2/Beauty/Content/Effects/Textures/Flares/T_FlareRound_Noise.uasset" 731
"../../../../../../Level Design 2/Beauty/Content/Effects/Materials/Flares/M_FlareRound.uasset" 732
"../../../../../../Level Design 2/Beauty/Content/Effects/Textures/Noise/T_TilingNoise12.uasset" 733
"../../../../../../Level Design 2/Beauty/Content/Effects/Textures/Snow/T_Snow01_Packed.uasset" 734
"../../../../../../Level Design 2/Beauty/Content/Effects/Materials/Sparks/M_Spark_VelocityLerp.uasset" 735
"../../../../../../Level Design 2/Beauty/Content/Effects/VectorFields/VF_RandomNoise_01_90.uasset" 736
"../../../../../../Level Design 2/Beauty/Content/ParticleProject/P_TorchFire.uasset" 737
"../../../../../../Level Design 2/Beauty/Content/ParticleProject/SM_Cave_Brick_01c.uasset" 738
"../../../../../../Level Design 2/Beauty/Content/Environment/Textures/Rock/T_Cave_Rock_Detail_D_2.uasset" 739
"../../../../../../Level Design 2/Beauty/Content/Environment/Textures/Rock/T_CaveRock_Detail_N_2.uasset" 740
"../../../../../../Level Design 2/Beauty/Content/Environment/MaterialFunctions/MF_Cave_DetailRock.uasset" 741
"../../../../../../Level Design 2/Beauty/Content/Environment/Textures/Rock/T_Cave_Rock_Detail_M.uasset" 742
"../../../../../../Level Design 2/Beauty/Content/Environment/Textures/Rock/T_Cave_Rock_Small_M.uasset" 743
"../../../../../../Level Design 2/Beauty/Content/Environment/Textures/Rock/T_Cave_Rock_Small_N.uasset" 744
"../../../../../../Level Design 2/Beauty/Content/Environment/Materials/Rock/M_Cave_Rock.uasset" 745
"../../../../../../Level Design 2/Beauty/Content/Environment/Textures/Rock/T_Cave_Rock_Large_M.uasset" 746
"../../../../../../Level Design 2/Beauty/Content/Environment/Textures/Rock/T_Cave_Rock_Large_N.uasset" 747
"../../../../../../Level Design 2/Beauty/Content/Environment/Materials/Rock/M_Cave_Rock_Large_Inst.uasset" 748
"../../../../../../Level Design 2/Beauty/Content/ParticleProject/SM_Cave_Rock_Large_01a.uasset" 749
"../../../../../../Level Design 2/Beauty/Content/Environment/Materials/Rock/M_Cave_Rock_Small_Inst.uasset" 750
"../../../../../../Level Design 2/Beauty/Content/ParticleProject/SM_Cave_Rock_Large_01b.uasset" 751
"../../../../../../Level Design 2/Beauty/Content/ParticleProject/SM_Cave_Rock_Small_01b.uasset" 752
"../../../../../../Level Design 2/Beauty/Content/Maps/AudioScene.umap" 753
